<?xml version="1.0" encoding="UTF-8"?>
<testng-results ignored="0" total="1" passed="1" failed="0" skipped="0">
  <reporter-output>
  </reporter-output>
  <suite started-at="2022-11-02T09:00:58 CET" name="SmokyTest" finished-at="2022-11-02T09:01:23 CET" duration-ms="25246">
    <groups>
    </groups>
    <test started-at="2022-11-02T09:00:58 CET" name="SearchBOOK" finished-at="2022-11-02T09:01:23 CET" duration-ms="25246">
      <class name="com.telran.tests.bookstore.SearchBookTest">
        <test-method is-config="true" signature="init()[pri:0, instance:com.telran.tests.bookstore.SearchBookTest@4c371370]" started-at="2022-11-02T09:00:58 CET" name="init" finished-at="2022-11-02T09:01:17 CET" duration-ms="19136" status="PASS">
          <reporter-output>
          </reporter-output>
        </test-method> <!-- init -->
        <test-method is-config="true" signature="ensurePrecondition()[pri:0, instance:com.telran.tests.bookstore.SearchBookTest@4c371370]" started-at="2022-11-02T09:01:17 CET" name="ensurePrecondition" finished-at="2022-11-02T09:01:22 CET" duration-ms="5232" status="PASS">
          <reporter-output>
          </reporter-output>
        </test-method> <!-- ensurePrecondition -->
        <test-method signature="searchBookPositiveTestForGuest()[pri:0, instance:com.telran.tests.bookstore.SearchBookTest@4c371370]" started-at="2022-11-02T09:01:22 CET" name="searchBookPositiveTestForGuest" finished-at="2022-11-02T09:01:23 CET" duration-ms="814" status="PASS">
          <reporter-output>
          </reporter-output>
        </test-method> <!-- searchBookPositiveTestForGuest -->
      </class> <!-- com.telran.tests.bookstore.SearchBookTest -->
    </test> <!-- SearchBOOK -->
  </suite> <!-- SmokyTest -->
</testng-results>
